nohup: ignoring input
data.shape (34272, 207)
pred_METR-LA_STGCN12_quantile_conformal_2209281026 cal started Wed Sep 28 10:26:24 2022
TRAIN XS.shape YS,shape (10270, 1, 12, 207) (10270, 1, 12, 207)
model fixed calibration state:
TIMESTEP_IN, TIMESTEP_OUT 12 12
MODEL CALIBRATION STATE:
TIMESTEP_IN, TIMESTEP_OUT 12 12
YS.shape, YS_pred.shape, (10270, 1, 1, 207) (10270, 1, 1, 207)
pred_METR-LA_STGCN12_quantile_conformal_2209281026 testing started Wed Sep 28 10:26:31 2022
TEST XS.shape, YS.shape (6844, 1, 12, 207) (6844, 1, 1, 207)
model uncertainty test
timestep_in, timestep_out 12 12
****************************************
Calibration error, 0.0000

Mean independent coverage, Mean confidence interval widths, 0.8109, 20.7397
 
****************************************
Calibration error, 0.0689

Mean independent coverage, Mean confidence interval widths, 0.8146, 20.8077
 
****************************************
Calibration error, 0.1410

Mean independent coverage, Mean confidence interval widths, 0.8185, 20.8788
 
****************************************
Calibration error, 0.2166

Mean independent coverage, Mean confidence interval widths, 0.8224, 20.9533
 
****************************************
Calibration error, 0.2910

Mean independent coverage, Mean confidence interval widths, 0.8262, 21.0267
 
****************************************
Calibration error, 0.3642

Mean independent coverage, Mean confidence interval widths, 0.8300, 21.0989
 
****************************************
Calibration error, 0.4324

Mean independent coverage, Mean confidence interval widths, 0.8334, 21.1661
 
****************************************
Calibration error, 0.5051

Mean independent coverage, Mean confidence interval widths, 0.8370, 21.2378
 
****************************************
Calibration error, 0.5738

Mean independent coverage, Mean confidence interval widths, 0.8404, 21.3055
 
****************************************
Calibration error, 0.6429

Mean independent coverage, Mean confidence interval widths, 0.8438, 21.3736
 
****************************************
Calibration error, 0.7140

Mean independent coverage, Mean confidence interval widths, 0.8471, 21.4437
 
****************************************
Calibration error, 0.7853

Mean independent coverage, Mean confidence interval widths, 0.8504, 21.5140
 
****************************************
Calibration error, 0.8620

Mean independent coverage, Mean confidence interval widths, 0.8538, 21.5895
 
****************************************
Calibration error, 0.9409

Mean independent coverage, Mean confidence interval widths, 0.8574, 21.6673
 
****************************************
Calibration error, 1.0219

Mean independent coverage, Mean confidence interval widths, 0.8609, 21.7471
 
****************************************
Calibration error, 1.1080

Mean independent coverage, Mean confidence interval widths, 0.8645, 21.8320
 
****************************************
Calibration error, 1.1966

Mean independent coverage, Mean confidence interval widths, 0.8681, 21.9193
 
****************************************
Calibration error, 1.2856

Mean independent coverage, Mean confidence interval widths, 0.8716, 22.0070
 
****************************************
Calibration error, 1.3766

Mean independent coverage, Mean confidence interval widths, 0.8749, 22.0966
 
****************************************
Calibration error, 1.4710

Mean independent coverage, Mean confidence interval widths, 0.8784, 22.1897
 
****************************************
Calibration error, 1.5658

Mean independent coverage, Mean confidence interval widths, 0.8816, 22.2830
 
****************************************
Calibration error, 1.6645

Mean independent coverage, Mean confidence interval widths, 0.8849, 22.3802
 
****************************************
Calibration error, 1.7644

Mean independent coverage, Mean confidence interval widths, 0.8880, 22.4786
 
****************************************
Calibration error, 1.8684

Mean independent coverage, Mean confidence interval widths, 0.8911, 22.5811
 
****************************************
Calibration error, 1.9710

Mean independent coverage, Mean confidence interval widths, 0.8941, 22.6821
 
****************************************
Calibration error, 2.0774

Mean independent coverage, Mean confidence interval widths, 0.8972, 22.7869
 
****************************************
Calibration error, 2.1862

Mean independent coverage, Mean confidence interval widths, 0.9000, 22.8941
 
****************************************
Calibration error, 2.2989

Mean independent coverage, Mean confidence interval widths, 0.9026, 23.0050
 
****************************************
Calibration error, 2.4148

Mean independent coverage, Mean confidence interval widths, 0.9051, 23.1191
 
****************************************
Calibration error, 2.5299

Mean independent coverage, Mean confidence interval widths, 0.9075, 23.2325
 
****************************************
Calibration error, 2.6507

Mean independent coverage, Mean confidence interval widths, 0.9098, 23.3514
 
****************************************
Calibration error, 2.7721

Mean independent coverage, Mean confidence interval widths, 0.9121, 23.4709
 
****************************************
Calibration error, 2.8971

Mean independent coverage, Mean confidence interval widths, 0.9142, 23.5939
 
****************************************
Calibration error, 3.0257

Mean independent coverage, Mean confidence interval widths, 0.9163, 23.7205
 
****************************************
Calibration error, 3.1546

Mean independent coverage, Mean confidence interval widths, 0.9182, 23.8473
 
****************************************
Calibration error, 3.2881

Mean independent coverage, Mean confidence interval widths, 0.9202, 23.9787
 
****************************************
Calibration error, 3.4213

Mean independent coverage, Mean confidence interval widths, 0.9221, 24.1098
 
****************************************
Calibration error, 3.5544

Mean independent coverage, Mean confidence interval widths, 0.9238, 24.2407
 
****************************************
Calibration error, 3.6940

Mean independent coverage, Mean confidence interval widths, 0.9256, 24.3781
 
****************************************
Calibration error, 3.8346

Mean independent coverage, Mean confidence interval widths, 0.9273, 24.5164
 
****************************************
Calibration error, 3.9751

Mean independent coverage, Mean confidence interval widths, 0.9289, 24.6546
 
****************************************
Calibration error, 4.1182

Mean independent coverage, Mean confidence interval widths, 0.9304, 24.7953
 
****************************************
Calibration error, 4.2629

Mean independent coverage, Mean confidence interval widths, 0.9320, 24.9376
 
****************************************
Calibration error, 4.4077

Mean independent coverage, Mean confidence interval widths, 0.9334, 25.0801
 
****************************************
Calibration error, 4.5556

Mean independent coverage, Mean confidence interval widths, 0.9348, 25.2256
 
****************************************
Calibration error, 4.7071

Mean independent coverage, Mean confidence interval widths, 0.9363, 25.3745
 
****************************************
Calibration error, 4.8608

Mean independent coverage, Mean confidence interval widths, 0.9377, 25.5257
 
****************************************
Calibration error, 5.0124

Mean independent coverage, Mean confidence interval widths, 0.9391, 25.6747
 
****************************************
Calibration error, 5.1678

Mean independent coverage, Mean confidence interval widths, 0.9404, 25.8275
 
****************************************
Calibration error, 5.3251

Mean independent coverage, Mean confidence interval widths, 0.9417, 25.9821
 
****************************************
Calibration error, 5.4838

Mean independent coverage, Mean confidence interval widths, 0.9432, 26.1381
 
****************************************
Calibration error, 5.6462

Mean independent coverage, Mean confidence interval widths, 0.9444, 26.2977
 
****************************************
Calibration error, 5.8115

Mean independent coverage, Mean confidence interval widths, 0.9457, 26.4602
 
****************************************
Calibration error, 5.9788

Mean independent coverage, Mean confidence interval widths, 0.9471, 26.6246
 
****************************************
Calibration error, 6.1479

Mean independent coverage, Mean confidence interval widths, 0.9482, 26.7908
 
****************************************
Calibration error, 6.3199

Mean independent coverage, Mean confidence interval widths, 0.9495, 26.9598
 
****************************************
Calibration error, 6.4973

Mean independent coverage, Mean confidence interval widths, 0.9508, 27.1341
 
****************************************
Calibration error, 6.6795

Mean independent coverage, Mean confidence interval widths, 0.9520, 27.3130
 
****************************************
Calibration error, 6.8635

Mean independent coverage, Mean confidence interval widths, 0.9532, 27.4938
 
****************************************
Calibration error, 7.0532

Mean independent coverage, Mean confidence interval widths, 0.9545, 27.6802
 
****************************************
Calibration error, 7.2462

Mean independent coverage, Mean confidence interval widths, 0.9557, 27.8697
 
****************************************
Calibration error, 7.4440

Mean independent coverage, Mean confidence interval widths, 0.9569, 28.0640
 
****************************************
Calibration error, 7.6481

Mean independent coverage, Mean confidence interval widths, 0.9581, 28.2645
 
****************************************
Calibration error, 7.8546

Mean independent coverage, Mean confidence interval widths, 0.9593, 28.4672
 
****************************************
Calibration error, 8.0693

Mean independent coverage, Mean confidence interval widths, 0.9605, 28.6779
 
****************************************
Calibration error, 8.2884

Mean independent coverage, Mean confidence interval widths, 0.9617, 28.8931
 
****************************************
Calibration error, 8.5149

Mean independent coverage, Mean confidence interval widths, 0.9629, 29.1154
 
****************************************
Calibration error, 8.7499

Mean independent coverage, Mean confidence interval widths, 0.9642, 29.3460
 
****************************************
Calibration error, 8.9916

Mean independent coverage, Mean confidence interval widths, 0.9654, 29.5832
 
****************************************
Calibration error, 9.2451

Mean independent coverage, Mean confidence interval widths, 0.9666, 29.8320
 
****************************************
Calibration error, 9.5047

Mean independent coverage, Mean confidence interval widths, 0.9679, 30.0866
 
****************************************
Calibration error, 9.7756

Mean independent coverage, Mean confidence interval widths, 0.9690, 30.3523
 
****************************************
Calibration error, 10.0560

Mean independent coverage, Mean confidence interval widths, 0.9702, 30.6273
 
****************************************
Calibration error, 10.3453

Mean independent coverage, Mean confidence interval widths, 0.9714, 30.9110
 
****************************************
Calibration error, 10.6481

Mean independent coverage, Mean confidence interval widths, 0.9726, 31.2078
 
****************************************
Calibration error, 10.9611

Mean independent coverage, Mean confidence interval widths, 0.9739, 31.5146
 
****************************************
Calibration error, 11.2948

Mean independent coverage, Mean confidence interval widths, 0.9751, 31.8416
 
****************************************
Calibration error, 11.6460

Mean independent coverage, Mean confidence interval widths, 0.9764, 32.1856
 
****************************************
Calibration error, 12.0153

Mean independent coverage, Mean confidence interval widths, 0.9777, 32.5472
 
****************************************
Calibration error, 12.4017

Mean independent coverage, Mean confidence interval widths, 0.9789, 32.9255
 
****************************************
Calibration error, 12.8155

Mean independent coverage, Mean confidence interval widths, 0.9803, 33.3305
 
****************************************
Calibration error, 13.2577

Mean independent coverage, Mean confidence interval widths, 0.9817, 33.7631
 
****************************************
Calibration error, 13.7240

Mean independent coverage, Mean confidence interval widths, 0.9830, 34.2192
 
****************************************
Calibration error, 14.2356

Mean independent coverage, Mean confidence interval widths, 0.9843, 34.7192
 
****************************************
Calibration error, 14.7940

Mean independent coverage, Mean confidence interval widths, 0.9857, 35.2648
 
****************************************
Calibration error, 15.4137

Mean independent coverage, Mean confidence interval widths, 0.9869, 35.8698
 
****************************************
Calibration error, 16.1061

Mean independent coverage, Mean confidence interval widths, 0.9882, 36.5453
 
****************************************
Calibration error, 16.8843

Mean independent coverage, Mean confidence interval widths, 0.9894, 37.3038
 
****************************************
Calibration error, 17.7641

Mean independent coverage, Mean confidence interval widths, 0.9904, 38.1606
 
****************************************
Calibration error, 18.7958

Mean independent coverage, Mean confidence interval widths, 0.9909, 39.1642
 
****************************************
Calibration error, 19.9817

Mean independent coverage, Mean confidence interval widths, 0.9914, 40.3160
 
****************************************
Calibration error, 21.3632

Mean independent coverage, Mean confidence interval widths, 0.9920, 41.6553
 
****************************************
Calibration error, 22.9819

Mean independent coverage, Mean confidence interval widths, 0.9925, 43.2209
 
****************************************
Calibration error, 24.9113

Mean independent coverage, Mean confidence interval widths, 0.9931, 45.0816
 
****************************************
Calibration error, 27.1958

Mean independent coverage, Mean confidence interval widths, 0.9937, 47.2765
 
****************************************
Calibration error, 29.9332

Mean independent coverage, Mean confidence interval widths, 0.9944, 49.8935
 
****************************************
Calibration error, 33.1367

Mean independent coverage, Mean confidence interval widths, 0.9950, 52.9348
 
****************************************
Calibration error, 37.1456

Mean independent coverage, Mean confidence interval widths, 0.9957, 56.7040
 
****************************************
Calibration error, 43.4528

Mean independent coverage, Mean confidence interval widths, 0.9966, 62.5463
 
****************************************
Calibration error, 82.4669

Mean independent coverage, Mean confidence interval widths, 0.9995, 96.7484
 
